{"version": 2, "width": 155, "height": 39, "timestamp": 1585146793, "env": {"SHELL": "/bin/bash", "TERM": "xterm-256color"}}
[0.029619, "o", "\u001b[?1034hbash-3.2$ "]
[8.792593, "o", "l"]
[8.888891, "o", "s"]
[9.367443, "o", "\r\n"]
[9.374508, "o", "README.md\t\thosts\t\t\tmultihosts\t\troles\r\nansible.out\t\tk8s.yaml\t\trequirements.txt\r\n"]
[9.375204, "o", "bash-3.2$ "]
[14.562204, "o", "p"]
[14.79996, "o", "y"]
[14.924309, "o", "t"]
[15.032176, "o", "h"]
[15.171994, "o", "o"]
[15.31595, "o", "n"]
[17.495124, "o", "3"]
[17.678987, "o", " "]
[17.792317, "o", "-"]
[18.079973, "o", "m"]
[18.421826, "o", " "]
[18.735848, "o", "v"]
[18.938815, "o", "e"]
[19.078785, "o", "n"]
[19.219922, "o", "v"]
[19.622787, "o", " "]
[20.230684, "o", "."]
[22.839761, "o", "\r\n"]
[27.201777, "o", "bash-3.2$ "]
[29.537444, "o", "l"]
[29.861703, "o", "s"]
[30.906792, "o", "\r\n"]
[30.913443, "o", "README.md\t\tbin\t\t\tinclude\t\t\tlib\t\t\tpyvenv.cfg\t\troles\r\nansible.out\t\thosts\t\t\tk8s.yaml\t\tmultihosts\t\trequirements.txt\r\n"]
[30.914402, "o", "bash-3.2$ "]
[33.371551, "o", "s"]
[33.515611, "o", "o"]
[33.599616, "o", "u"]
[33.699532, "o", "r"]
[33.906918, "o", "ce "]
[37.030459, "o", "b"]
[37.20553, "o", "i"]
[37.261504, "o", "n"]
[37.757299, "o", "/"]
[37.871392, "o", "a"]
[37.983231, "o", "c"]
[38.212793, "o", "\u0007tivate"]
[39.006402, "o", "\r\n"]
[39.008947, "o", "(k8s-ansible) bash-3.2$ "]
[41.324217, "o", "p"]
[41.424321, "o", "i"]
[41.568198, "o", "p"]
[41.799067, "o", "3"]
[42.319181, "o", " "]
[42.523155, "o", "i"]
[42.631126, "o", "n"]
[42.740462, "o", "clude/"]
[43.714251, "o", "\b\u001b[K"]
[43.867229, "o", "\b\u001b[K"]
[44.009322, "o", "\b\u001b[K"]
[44.155204, "o", "\b\u001b[K"]
[44.296138, "o", "\b\u001b[K"]
[44.442141, "o", "\b\u001b[K"]
[45.030133, "o", "s"]
[45.217945, "o", "t"]
[45.27002, "o", "a"]
[45.421974, "o", "l"]
[45.565082, "o", "l"]
[45.953025, "o", " "]
[47.117942, "o", "-"]
[47.321879, "o", "r"]
[47.455918, "o", " "]
[47.716012, "o", "r"]
[47.771906, "o", "e"]
[48.01324, "o", "quirements.txt "]
[49.914778, "o", "\r\n"]
[50.408275, "o", "Collecting adal==1.2.2 (from -r requirements.txt (line 1))\r\n"]
[50.674277, "o", "  Using cached https://files.pythonhosted.org/packages/4f/b5/3ea9ae3d1096b9ff31e8f1846c47d49f3129a12464ac0a73b602de458298/adal-1.2.2-py2.py3-none-any.whl\r\n"]
[50.708101, "o", "Collecting ansible==2.9.6 (from -r requirements.txt (line 2))\r\n"]
[50.876652, "o", "  Using cached https://files.pythonhosted.org/packages/ae/b7/c717363f767f7af33d90af9458d5f1e0960db9c2393a6c221c2ce97ad1aa/ansible-2.9.6.tar.gz\r\n"]
[62.248119, "o", "Collecting applicationinsights==0.11.9 (from -r requirements.txt (line 3))\r\n"]
[62.304194, "o", "  Using cached https://files.pythonhosted.org/packages/a1/53/234c53004f71f0717d8acd37876e0b65c121181167057b9ce1b1795f96a0/applicationinsights-0.11.9-py2.py3-none-any.whl\r\n"]
[62.340686, "o", "Collecting argcomplete==1.11.1 (from -r requirements.txt (line 4))\r\n"]
[62.421429, "o", "  Using cached https://files.pythonhosted.org/packages/82/7d/455e149c28c320044cb763c23af375bd77d52baca041f611f5c2b4865cf4/argcomplete-1.11.1-py2.py3-none-any.whl\r\n"]
[62.456029, "o", "Collecting azure-cli-core==2.0.35 (from -r requirements.txt (line 5))\r\n"]
[62.576012, "o", "  Using cached https://files.pythonhosted.org/packages/ee/81/561473d6614d15f450eba6b7c8e0e1fbbaf34bf117fe77c1188010870e24/azure_cli_core-2.0.35-py2.py3-none-any.whl\r\n"]
[62.622906, "o", "Collecting azure-cli-nspkg==3.0.2 (from -r requirements.txt (line 6))\r\n"]
[62.666567, "o", "  Using cached https://files.pythonhosted.org/packages/7c/94/cf884b92a870422f02c3f1f86573d04d5cc1abdc2ac51b8419c7ee2e2a00/azure_cli_nspkg-3.0.2-py2.py3-none-any.whl\r\n"]
[62.683824, "o", "Collecting azure-common==1.1.11 (from -r requirements.txt (line 7))\r\n"]
[62.749693, "o", "  Using cached https://files.pythonhosted.org/packages/97/3b/2c7cda25382c3bb566008c5c8f8aa28663fd15a80a6204c76ae0035de107/azure_common-1.1.11-py2.py3-none-any.whl\r\n"]
[62.769667, "o", "Collecting azure-graphrbac==0.40.0 (from -r requirements.txt (line 8))\r\n"]
[62.819977, "o", "  Using cached https://files.pythonhosted.org/packages/89/0a/29f7e2914033e2536026b8f0d7f8deb1edda68c9a93ce4757b2b1e39568b/azure_graphrbac-0.40.0-py2.py3-none-any.whl\r\n"]
[62.86259, "o", "Collecting azure-keyvault==1.0.0a1 (from -r requirements.txt (line 9))\r\n"]
[62.911253, "o", "  Using cached https://files.pythonhosted.org/packages/03/f3/fe18493d4ce781368f23d05701a8203344fdc15dbf9cfee4450652776d1a/azure_keyvault-1.0.0a1-py2.py3-none-any.whl\r\n"]
[62.969709, "o", "Collecting azure-mgmt-authorization==0.51.1 (from -r requirements.txt (line 10))\r\n"]
[63.016799, "o", "  Using cached https://files.pythonhosted.org/packages/a1/71/9a20913e92771b3c23564f1bea54d376d09fb30a75585087c70b769d75c8/azure_mgmt_authorization-0.51.1-py2.py3-none-any.whl\r\n"]
[63.085021, "o", "Collecting azure-mgmt-automation==0.1.1 (from -r requirements.txt (line 11))\r\n"]
[63.159261, "o", "  Using cached https://files.pythonhosted.org/packages/b0/a5/e3e1dd8b1cad0e97df3a274360fddc2e036a9eeb77653aff4ab8a09ad28d/azure_mgmt_automation-0.1.1-py2.py3-none-any.whl\r\n"]
[63.315782, "o", "Collecting azure-mgmt-batch==5.0.1 (from -r requirements.txt (line 12))\r\n"]
[63.414457, "o", "  Using cached https://files.pythonhosted.org/packages/97/81/a9eb3fd2ab070159105b4cfe9640c24410ac8195286729d62bfdf871de94/azure_mgmt_batch-5.0.1-py2.py3-none-any.whl\r\n"]
[63.465364, "o", "Collecting azure-mgmt-cdn==3.0.0 (from -r requirements.txt (line 13))\r\n"]
[63.534563, "o", "  Using cached https://files.pythonhosted.org/packages/ab/17/1684f274bd57ff81b0ac9000030d5796bf88c9735a093ba8b693c39ca6fd/azure_mgmt_cdn-3.0.0-py2.py3-none-any.whl\r\n"]
[63.595724, "o", "Collecting azure-mgmt-compute==4.4.0 (from -r requirements.txt (line 14))\r\n"]
[63.689596, "o", "  Using cached https://files.pythonhosted.org/packages/b7/c4/2ba0af13ecfcd8a3dc2a43cb7306d8b1fe6881b93028afb3820458a1a3e2/azure_mgmt_compute-4.4.0-py2.py3-none-any.whl\r\n"]
[64.603707, "o", "Collecting azure-mgmt-containerinstance==1.4.0 (from -r requirements.txt (line 15))\r\n"]
[64.67308, "o", "  Using cached https://files.pythonhosted.org/packages/77/50/f7f419e0ac788d41d080d5f25daf988b993063aab3bfd90def54e93e72d7/azure_mgmt_containerinstance-1.4.0-py2.py3-none-any.whl\r\n"]
[64.727609, "o", "Collecting azure-mgmt-containerregistry==2.0.0 (from -r requirements.txt (line 16))\r\n"]
[64.792022, "o", "  Using cached https://files.pythonhosted.org/packages/c5/b6/926aba2129e87976a00c4742aa1dba4fea09708c0871ab48ec7937f9ac99/azure_mgmt_containerregistry-2.0.0-py2.py3-none-any.whl\r\n"]
[64.936684, "o", "Collecting azure-mgmt-containerservice==4.4.0 (from -r requirements.txt (line 17))\r\n"]
[65.014762, "o", "  Using cached https://files.pythonhosted.org/packages/5b/2f/0eba2dbd5d3f66c076a66b0020ccfe9c7e78534ac132afaa104c138680c1/azure_mgmt_containerservice-4.4.0-py2.py3-none-any.whl\r\n"]
[65.110922, "o", "Collecting azure-mgmt-cosmosdb==0.5.2 (from -r requirements.txt (line 18))\r\n"]
[65.193883, "o", "  Using cached https://files.pythonhosted.org/packages/71/69/b21344bd4cebec03118db5582418a290468113c6cd05a0a76a66175110e2/azure_mgmt_cosmosdb-0.5.2-py2.py3-none-any.whl\r\n"]
[65.249002, "o", "Collecting azure-mgmt-devtestlabs==3.0.0 (from -r requirements.txt (line 19))\r\n"]
[65.333188, "o", "  Using cached https://files.pythonhosted.org/packages/9b/e0/583e30ffbfc26d0f950b3d364195ca31beb7806b26fc4cbc940f7fad61b0/azure_mgmt_devtestlabs-3.0.0-py2.py3-none-any.whl\r\n"]
[65.537924, "o", "Collecting azure-mgmt-dns==2.1.0 (from -r requirements.txt (line 20))\r\n"]
[65.612862, "o", "  Using cached https://files.pythonhosted.org/packages/c7/d7/0f986a64b06db93cf29b76f9a188f5778eb959624a00ed6aedc335ee58d2/azure_mgmt_dns-2.1.0-py2.py3-none-any.whl\r\n"]
[65.706173, "o", "Collecting azure-mgmt-hdinsight==0.1.0 (from -r requirements.txt (line 21))\r\n"]
[65.76508, "o", "  Using cached https://files.pythonhosted.org/packages/14/8c/394f790d71193b3252b7fc13c9931df737436fc3495072455680d5a617a9/azure_mgmt_hdinsight-0.1.0-py2.py3-none-any.whl\r\n"]
[65.840362, "o", "Collecting azure-mgmt-iothub==0.7.0 (from -r requirements.txt (line 22))\r\n"]
[65.908189, "o", "  Using cached https://files.pythonhosted.org/packages/9c/c8/333e4f03eef95832f90534c2aea3b6809c2b5d50ca087b7ce4e125527ea9/azure_mgmt_iothub-0.7.0-py2.py3-none-any.whl\r\n"]
[65.983382, "o", "Collecting azure-mgmt-keyvault==1.1.0 (from -r requirements.txt (line 23))\r\n"]
[66.026303, "o", "  Using cached https://files.pythonhosted.org/packages/49/de/0d69aedae7c5f6428314640b65947203ab80409c12b5d4e66fb5b7a4182e/azure_mgmt_keyvault-1.1.0-py2.py3-none-any.whl\r\n"]
[66.095222, "o", "Collecting azure-mgmt-loganalytics==0.2.0 (from -r requirements.txt (line 24))\r\n"]
[66.151009, "o", "  Using cached https://files.pythonhosted.org/packages/70/40/c9b77bf82916e963aa701fb396673f7ddc4cdab95524b6d2edf927b05630/azure_mgmt_loganalytics-0.2.0-py2.py3-none-any.whl\r\n"]
[66.206079, "o", "Collecting azure-mgmt-marketplaceordering==0.1.0 (from -r requirements.txt (line 25))\r\n"]
[66.262357, "o", "  Using cached https://files.pythonhosted.org/packages/a8/cb/13502fdbaf520d08fb280eb31ecfe5d926b9cf92259c22280bbde96b307d/azure_mgmt_marketplaceordering-0.1.0-py2.py3-none-any.whl\r\n"]
[66.285988, "o", "Collecting azure-mgmt-monitor==0.5.2 (from -r requirements.txt (line 26))\r\n"]
[66.351038, "o", "  Using cached https://files.pythonhosted.org/packages/6a/3b/a8b95ee25f1c209ad82ad06de39f4efbfb9dc8a8dc5da5a7a48d7897bf3e/azure_mgmt_monitor-0.5.2-py2.py3-none-any.whl\r\n"]
[66.463089, "o", "Collecting azure-mgmt-network==2.3.0 (from -r requirements.txt (line 27))\r\n"]
[66.582105, "o", "  Using cached https://files.pythonhosted.org/packages/59/36/611dca31be00288f13fb632b4a3397791cf4cdd2c21f331829ec3e086c52/azure_mgmt_network-2.3.0-py2.py3-none-any.whl\r\n"]
[69.309091, "o", "Collecting azure-mgmt-nspkg==2.0.0 (from -r requirements.txt (line 28))\r\n"]
[69.394026, "o", "  Using cached https://files.pythonhosted.org/packages/c9/e3/48b98f929290b0cd0aaa4707ecabb8aaeb267e8ef628af907f1d1c506ec7/azure_mgmt_nspkg-2.0.0-py2.py3-none-any.whl\r\n"]
[69.410979, "o", "Collecting azure-mgmt-rdbms==1.4.1 (from -r requirements.txt (line 29))\r\n"]
[69.487432, "o", "  Using cached https://files.pythonhosted.org/packages/2a/6c/9b8446c20bc2deff03f148e757d4d397abd67e1d4fdaca45e1a8ada9e7e2/azure_mgmt_rdbms-1.4.1-py2.py3-none-any.whl\r\n"]
[69.596657, "o", "Collecting azure-mgmt-redis==5.0.0 (from -r requirements.txt (line 30))\r\n"]
[69.662663, "o", "  Using cached https://files.pythonhosted.org/packages/90/a7/42342a984b2916972c5c5e24df94e3cd5e4377a8dc465a83415706d9be6f/azure_mgmt_redis-5.0.0-py2.py3-none-any.whl\r\n"]
[69.696464, "o", "Collecting azure-mgmt-resource==2.1.0 (from -r requirements.txt (line 31))\r\n"]
[69.768267, "o", "  Using cached https://files.pythonhosted.org/packages/2b/2e/e79a278bedfc21308ab0c632759cfda5d7ff02d62260bcc4632449937dcf/azure_mgmt_resource-2.1.0-py2.py3-none-any.whl\r\n"]
[70.092353, "o", "Collecting azure-mgmt-servicebus==0.5.3 (from -r requirements.txt (line 32))\r\n"]
[70.157571, "o", "  Using cached https://files.pythonhosted.org/packages/28/ad/9e90f8bab40a9682410e57ed08a799be113c5e470bec247b099038c6389e/azure_mgmt_servicebus-0.5.3-py2.py3-none-any.whl\r\n"]
[70.218324, "o", "Collecting azure-mgmt-sql==0.10.0 (from -r requirements.txt (line 33))\r\n"]
[70.279105, "o", "  Using cached https://files.pythonhosted.org/packages/5d/88/4513a4c3ac2779c284eeaa6cb225e6c43005abbd6d0395b15477ac8a66f1/azure_mgmt_sql-0.10.0-py2.py3-none-any.whl\r\n"]
[70.4731, "o", "Collecting azure-mgmt-storage==3.1.0 (from -r requirements.txt (line 34))\r\n"]
[70.619757, "o", "  Using cached https://files.pythonhosted.org/packages/e8/d9/496b29857a252bc3fcc4bbda069c0eb64b537c8e8f7e342abb4053ba920f/azure_mgmt_storage-3.1.0-py2.py3-none-any.whl\r\n"]
[70.893531, "o", "Collecting azure-mgmt-trafficmanager==0.50.0 (from -r requirements.txt (line 35))\r\n"]
[70.954286, "o", "  Using cached https://files.pythonhosted.org/packages/ed/4f/c322d72dc92dde543471bc23f9ac0eb6b9d0dc2441bb5ce938250040e307/azure_mgmt_trafficmanager-0.50.0-py2.py3-none-any.whl\r\n"]
[70.994237, "o", "Collecting azure-mgmt-web==0.41.0 (from -r requirements.txt (line 36))\r\n"]
[71.066981, "o", "  Using cached https://files.pythonhosted.org/packages/17/23/ba8a043dc657a9cf4820b69cc5d890870a8bfbc5b2241997994d8898bb15/azure_mgmt_web-0.41.0-py2.py3-none-any.whl\r\n"]
[71.307524, "o", "Collecting azure-nspkg==2.0.0 (from -r requirements.txt (line 37))\r\n"]
[71.368266, "o", "  Using cached https://files.pythonhosted.org/packages/cd/a0/76ca6659ae9afd7567fdbb5b9c85e9c9a0b48238cfcacd92525484408f66/azure_nspkg-2.0.0-py2.py3-none-any.whl\r\n"]
[71.38461, "o", "Collecting azure-storage==0.35.1 (from -r requirements.txt (line 38))\r\n"]
[71.453767, "o", "  Using cached https://files.pythonhosted.org/packages/76/bf/647b73450c70d4c5efbf57b35edf1b45928695a8b20dce2a4577dee0d539/azure_storage-0.35.1-py2.py3-none-any.whl\r\n"]
[71.503978, "o", "Collecting bcrypt==3.1.7 (from -r requirements.txt (line 39))\r\n"]
[71.618787, "o", "  Using cached https://files.pythonhosted.org/packages/62/20/4c94f3f8dfc6b8720c8bc903ce2951ec6397ad864e3a64b4abdced014514/bcrypt-3.1.7-cp34-abi3-macosx_10_6_intel.whl\r\n"]
[71.640865, "o", "Collecting certifi==2019.11.28 (from -r requirements.txt (line 40))\r\n"]
[71.715904, "o", "  Using cached https://files.pythonhosted.org/packages/b9/63/df50cac98ea0d5b006c55a399c3bf1db9da7b5a24de7890bc9cfd5dd9e99/certifi-2019.11.28-py2.py3-none-any.whl\r\n"]
[71.740219, "o", "Collecting cffi==1.14.0 (from -r requirements.txt (line 41))\r\n"]
[72.018216, "o", "  Using cached https://files.pythonhosted.org/packages/b2/77/547a14d5677c5448359fbd9e59b9ab3cca62e91417cf71e46ca234fbbfa5/cffi-1.14.0-cp37-cp37m-macosx_10_9_x86_64.whl\r\n"]
[72.050621, "o", "Collecting chardet==3.0.4 (from -r requirements.txt (line 42))\r\n"]
[72.096449, "o", "  Using cached https://files.pythonhosted.org/packages/bc/a9/01ffebfb562e4274b6487b4bb1ddec7ca55ec7510b22e4c51f14098443b8/chardet-3.0.4-py2.py3-none-any.whl\r\n"]
[72.13101, "o", "Collecting colorama==0.4.3 (from -r requirements.txt (line 43))\r\n"]
[72.193746, "o", "  Using cached https://files.pythonhosted.org/packages/c9/dc/45cdef1b4d119eb96316b3117e6d5708a08029992b2fee2c143c7a0a5cc5/colorama-0.4.3-py2.py3-none-any.whl\r\n"]
[72.21245, "o", "Collecting configparser==4.0.2 (from -r requirements.txt (line 44))\r\n"]
[72.266687, "o", "  Using cached https://files.pythonhosted.org/packages/7a/2a/95ed0501cf5d8709490b1d3a3f9b5cf340da6c433f896bbe9ce08dbe6785/configparser-4.0.2-py2.py3-none-any.whl\r\n"]
[72.293111, "o", "Collecting cryptography==2.8 (from -r requirements.txt (line 45))\r\n"]
[72.670346, "o", "  Using cached https://files.pythonhosted.org/packages/6b/4a/ce93178469d4460d6b3a5e648fc1a2f426030f3d30a12d7ed4df73d044de/cryptography-2.8-cp34-abi3-macosx_10_6_intel.whl\r\n"]
[72.820161, "o", "Collecting distro==1.4.0 (from -r requirements.txt (line 46))\r\n"]
[72.874814, "o", "  Using cached https://files.pythonhosted.org/packages/ea/35/82f79b92fa4d937146c660a6482cee4f3dfa1f97ff3d2a6f3ecba33e712e/distro-1.4.0-py2.py3-none-any.whl\r\n"]
[72.890846, "o", "Collecting humanfriendly==8.1 (from -r requirements.txt (line 47))\r\n"]
[73.013835, "o", "  Using cached https://files.pythonhosted.org/packages/9d/25/417cfcd511782bc678c1285a365271bdbe9ec895fa69a4c7a294ae9586f5/humanfriendly-8.1-py2.py3-none-any.whl\r\n"]
[73.041285, "o", "Collecting idna==2.9 (from -r requirements.txt (line 48))\r\n"]
[73.079654, "o", "  Using cached https://files.pythonhosted.org/packages/89/e3/afebe61c546d18fb1709a61bee788254b40e736cff7271c7de5de2dc4128/idna-2.9-py2.py3-none-any.whl\r\n"]
[73.101902, "o", "Collecting importlib-metadata==1.5.0 (from -r requirements.txt (line 49))\r\n"]
[73.173513, "o", "  Using cached https://files.pythonhosted.org/packages/8b/03/a00d504808808912751e64ccf414be53c29cad620e3de2421135fcae3025/importlib_metadata-1.5.0-py2.py3-none-any.whl\r\n"]
[73.202978, "o", "Collecting isodate==0.6.0 (from -r requirements.txt (line 50))\r\n"]
[73.251167, "o", "  Using cached https://files.pythonhosted.org/packages/9b/9f/b36f7774ff5ea8e428fdcfc4bb332c39ee5b9362ddd3d40d9516a55221b2/isodate-0.6.0-py2.py3-none-any.whl\r\n"]
[73.273595, "o", "Collecting Jinja2==2.11.1 (from -r requirements.txt (line 51))\r\n"]
[73.335307, "o", "  Using cached https://files.pythonhosted.org/packages/27/24/4f35961e5c669e96f6559760042a55b9bcfcdb82b9bdb3c8753dbe042e35/Jinja2-2.11.1-py2.py3-none-any.whl\r\n"]
[73.368458, "o", "Collecting jmespath==0.9.5 (from -r requirements.txt (line 52))\r\n"]
[73.410963, "o", "  Using cached https://files.pythonhosted.org/packages/a3/43/1e939e1fcd87b827fe192d0c9fc25b48c5b3368902bfb913de7754b0dc03/jmespath-0.9.5-py2.py3-none-any.whl\r\n"]
[73.431121, "o", "Collecting knack==0.3.3 (from -r requirements.txt (line 53))\r\n"]
[73.501761, "o", "  Using cached https://files.pythonhosted.org/packages/92/aa/d5563dfb2724a5d7899170461f8c70e88f8f9422bd1c44a2a7528e2e6235/knack-0.3.3-py2.py3-none-any.whl\r\n"]
[73.532382, "o", "Collecting MarkupSafe==1.1.1 (from -r requirements.txt (line 54))\r\n"]
[73.593557, "o", "  Using cached https://files.pythonhosted.org/packages/ce/c6/f000f1af136ef74e4a95e33785921c73595c5390403f102e9b231b065b7a/MarkupSafe-1.1.1-cp37-cp37m-macosx_10_6_intel.whl\r\n"]
[73.611351, "o", "Collecting msrest==0.6.1 (from -r requirements.txt (line 55))\r\n"]
[73.6876, "o", "  Using cached https://files.pythonhosted.org/packages/dc/8e/05c45ff0c0f293e8d044030a0007a16ece0d39dbc7fa6bb911a2f53b649a/msrest-0.6.1-py2.py3-none-any.whl\r\n"]
[73.726506, "o", "Collecting msrestazure==0.5.0 (from -r requirements.txt (line 56))\r\n"]
[73.801698, "o", "  Using cached https://files.pythonhosted.org/packages/a4/48/cfa54772365b4d0b8f3e7af16354db768b0317b3273265b37c14f71b705b/msrestazure-0.5.0-py2.py3-none-any.whl\r\n"]
[73.824196, "o", "Collecting oauthlib==3.1.0 (from -r requirements.txt (line 57))\r\n"]
[73.875813, "o", "  Using cached https://files.pythonhosted.org/packages/05/57/ce2e7a8fa7c0afb54a0581b14a65b56e62b5759dbc98e80627142b8a3704/oauthlib-3.1.0-py2.py3-none-any.whl\r\n"]
[73.926325, "o", "Collecting packaging==20.3 (from -r requirements.txt (line 58))\r\n"]
[73.998996, "o", "  Using cached https://files.pythonhosted.org/packages/62/0a/34641d2bf5c917c96db0ded85ae4da25b6cd922d6b794648d4e7e07c88e5/packaging-20.3-py2.py3-none-any.whl\r\n"]
[74.022206, "o", "Collecting paramiko==2.7.1 (from -r requirements.txt (line 59))\r\n"]
[74.108704, "o", "  Using cached https://files.pythonhosted.org/packages/06/1e/1e08baaaf6c3d3df1459fd85f0e7d2d6aa916f33958f151ee1ecc9800971/paramiko-2.7.1-py2.py3-none-any.whl\r\n"]
[74.194965, "o", "Collecting pycparser==2.20 (from -r requirements.txt (line 60))\r\n"]
[74.252219, "o", "  Using cached https://files.pythonhosted.org/packages/ae/e7/d9c3a176ca4b02024debf82342dab36efadfc5776f9c8db077e8f6e71821/pycparser-2.20-py2.py3-none-any.whl\r\n"]
[74.284001, "o", "Collecting Pygments==2.5.2 (from -r requirements.txt (line 61))\r\n"]
[74.363823, "o", "  Using cached https://files.pythonhosted.org/packages/be/39/32da3184734730c0e4d3fa3b2b5872104668ad6dc1b5a73d8e477e5fe967/Pygments-2.5.2-py2.py3-none-any.whl\r\n"]
[74.517223, "o", "Collecting PyJWT==1.7.1 (from -r requirements.txt (line 62))\r\n"]
[74.593159, "o", "  Using cached https://files.pythonhosted.org/packages/87/8b/6a9f14b5f781697e51259d81657e6048fd31a113229cf346880bb7545565/PyJWT-1.7.1-py2.py3-none-any.whl\r\n"]
[74.624399, "o", "Collecting PyNaCl==1.3.0 (from -r requirements.txt (line 63))\r\n"]
[74.7105, "o", "  Using cached https://files.pythonhosted.org/packages/cd/c9/4d6deea9d900345b1243cc3e6265110697fae5e594689cfa1ba34e0ef4a8/PyNaCl-1.3.0-cp34-abi3-macosx_10_6_intel.whl\r\n"]
[74.753631, "o", "Collecting pyOpenSSL==19.1.0 (from -r requirements.txt (line 64))\r\n"]
[74.823707, "o", "  Using cached https://files.pythonhosted.org/packages/9e/de/f8342b68fa9e981d348039954657bdf681b2ab93de27443be51865ffa310/pyOpenSSL-19.1.0-py2.py3-none-any.whl\r\n"]
[74.851837, "o", "Collecting pyparsing==2.4.6 (from -r requirements.txt (line 65))\r\n"]
[74.956174, "o", "  Using cached https://files.pythonhosted.org/packages/5d/bc/1e58593167fade7b544bfe9502a26dc860940a79ab306e651e7f13be68c2/pyparsing-2.4.6-py2.py3-none-any.whl\r\n"]
[74.976531, "o", "Collecting python-dateutil==2.8.1 (from -r requirements.txt (line 66))\r\n"]
[75.030677, "o", "  Using cached https://files.pythonhosted.org/packages/d4/70/d60450c3dd48ef87586924207ae8907090de0b306af2bce5d134d78615cb/python_dateutil-2.8.1-py2.py3-none-any.whl\r\n"]
[75.059416, "o", "Collecting PyYAML==5.3 (from -r requirements.txt (line 67))\r\n"]
[75.137297, "o", "  Using cached https://files.pythonhosted.org/packages/3d/d9/ea9816aea31beeadccd03f1f8b625ecf8f645bd66744484d162d84803ce5/PyYAML-5.3.tar.gz\r\n"]
[75.740104, "o", "Collecting requests==2.23.0 (from -r requirements.txt (line 68))\r\n"]
[75.841605, "o", "  Using cached https://files.pythonhosted.org/packages/1a/70/1935c770cb3be6e3a8b78ced23d7e0f3b187f5cbfab4749523ed65d7c9b1/requests-2.23.0-py2.py3-none-any.whl\r\n"]
[75.877573, "o", "Collecting requests-oauthlib==1.3.0 (from -r requirements.txt (line 69))\r\n"]
[75.930513, "o", "  Using cached https://files.pythonhosted.org/packages/a3/12/b92740d845ab62ea4edf04d2f4164d82532b5a0b03836d4d4e71c6f3d379/requests_oauthlib-1.3.0-py2.py3-none-any.whl\r\n"]
[75.957702, "o", "Collecting selinux==0.2.1 (from -r requirements.txt (line 70))\r\n"]
[76.025852, "o", "  Using cached https://files.pythonhosted.org/packages/65/11/67955ff6fbd5aedee3b4d47847c24510e7de970aa352cacac8444ef33059/selinux-0.2.1-py2.py3-none-any.whl\r\n"]
[76.042774, "o", "Collecting six==1.14.0 (from -r requirements.txt (line 71))\r\n"]
[76.092531, "o", "  Using cached https://files.pythonhosted.org/packages/65/eb/1f97cb97bfc2390a276969c6fae16075da282f5058082d4cb10c6c5c1dba/six-1.14.0-py2.py3-none-any.whl\r\n"]
[76.108303, "o", "Collecting tabulate==0.8.2 (from -r requirements.txt (line 72))\r\n"]
[76.156792, "o", "  Using cached https://files.pythonhosted.org/packages/12/c2/11d6845db5edf1295bc08b2f488cf5937806586afe42936c3f34c097ebdc/tabulate-0.8.2.tar.gz\r\n"]
[76.471541, "o", "Collecting urllib3==1.25.8 (from -r requirements.txt (line 73))\r\n"]
[76.560471, "o", "  Using cached https://files.pythonhosted.org/packages/e8/74/6e4f91745020f967d09332bb2b8b9b10090957334692eb88ea4afe91b77f/urllib3-1.25.8-py2.py3-none-any.whl\r\n"]
[76.617905, "o", "Collecting xmltodict==0.12.0 (from -r requirements.txt (line 74))\r\n"]
[76.664679, "o", "  Using cached https://files.pythonhosted.org/packages/28/fd/30d5c1d3ac29ce229f6bdc40bbc20b28f716e8b363140c26eff19122d8a5/xmltodict-0.12.0-py2.py3-none-any.whl\r\n"]
[76.681235, "o", "Collecting zipp==3.1.0 (from -r requirements.txt (line 75))\r\n"]
[76.737295, "o", "  Using cached https://files.pythonhosted.org/packages/b2/34/bfcb43cc0ba81f527bc4f40ef41ba2ff4080e047acb0586b56b3d017ace4/zipp-3.1.0-py3-none-any.whl\r\n"]
[76.75439, "o", "Requirement already satisfied: pip in ./lib/python3.7/site-packages (from azure-cli-core==2.0.35->-r requirements.txt (line 5)) (19.2.3)\r\n"]
[76.759742, "o", "Collecting wheel==0.30.0 (from azure-cli-core==2.0.35->-r requirements.txt (line 5))\r\n"]
[76.845164, "o", "  Using cached https://files.pythonhosted.org/packages/0c/80/16a85b47702a1f47a63c104c91abdd0a6704ee8ae3b4ce4afc49bc39f9d9/wheel-0.30.0-py2.py3-none-any.whl\r\n"]
[76.877635, "o", "Requirement already satisfied: setuptools>=39.0 in ./lib/python3.7/site-packages (from selinux==0.2.1->-r requirements.txt (line 70)) (41.2.0)\r\n"]
[77.208095, "o", "Installing collected packages: pycparser, cffi, six, cryptography, PyJWT, urllib3, idna, certifi, chardet, requests, python-dateutil, adal, MarkupSafe, Jinja2, PyYAML, ansible, applicationinsights, zipp, importlib-metadata, argcomplete, bcrypt, PyNaCl, paramiko, oauthlib, requests-oauthlib, isodate, msrest, colorama, jmespath, Pygments, tabulate, knack, wheel, pyOpenSSL, humanfriendly, azure-nspkg, azure-cli-nspkg, msrestazure, azure-cli-core, azure-common, azure-graphrbac, azure-keyvault, azure-mgmt-authorization, azure-mgmt-automation, azure-mgmt-nspkg, azure-mgmt-batch, azure-mgmt-cdn, azure-mgmt-compute, azure-mgmt-containerinstance, azure-mgmt-containerregistry, azure-mgmt-containerservice, azure-mgmt-cosmosdb, azure-mgmt-devtestlabs, azure-mgmt-dns, azure-mgmt-hdinsight, azure-mgmt-iothub, azure-mgmt-keyvault, azure-mgmt-loganalytics, azure-mgmt-marketplaceordering, azure-mgmt-monitor, azure-mgmt-network, azure-mgmt-rdbms, azure-mgmt-redis, azure-mgmt-resource, azure-mgmt-servicebus, azure-mgmt-sql, azu"]
[77.208264, "o", "re-mgmt-storage, azure-mgmt-trafficmanager, azure-mgmt-web, azure-storage, configparser, distro, pyparsing, packaging, selinux, xmltodict\r\n"]
[79.664549, "o", "  Running setup.py install for PyYAML ... \u001b[?25l-"]
[80.569136, "o", "\b \b\\"]
[80.69538, "o", "\b \b|"]
[80.823593, "o", "\b \b/"]
[86.776882, "o", "\b \b-"]
[86.933898, "o", "\b \b\\"]
[87.082698, "o", "\b \b|"]
[87.116154, "o", "\b \bdone\r\n"]
[87.634824, "o", "\u001b[?25h  Running setup.py install for ansible ... \u001b[?25l-"]
[87.76006, "o", "\b \b\\"]
[87.885478, "o", "\b \b|"]
[88.010564, "o", "\b \b/"]
[88.13579, "o", "\b \b-"]
[88.261151, "o", "\b \b\\"]
[88.386355, "o", "\b \b|"]
[88.511629, "o", "\b \b/"]
[88.637002, "o", "\b \b-"]
[88.762135, "o", "\b \b\\"]
[88.887653, "o", "\b \b|"]
[89.01282, "o", "\b \b/"]
[89.142977, "o", "\b \b-"]
[89.268479, "o", "\b \b\\"]
[89.393519, "o", "\b \b|"]
[89.526013, "o", "\b \b/"]
[89.652339, "o", "\b \b-"]
[89.777637, "o", "\b \b\\"]
[89.903349, "o", "\b \b|"]
[90.028761, "o", "\b \b/"]
[90.154231, "o", "\b \b-"]
[90.319905, "o", "\b \b\\"]
[90.455284, "o", "\b \b|"]
[90.58038, "o", "\b \b/"]
[90.711302, "o", "\b \b-"]
[90.836412, "o", "\b \b\\"]
[90.961663, "o", "\b \b|"]
[91.086897, "o", "\b \b/"]
[91.21486, "o", "\b \b-"]
[91.575212, "o", "\b \b\\"]
[92.636601, "o", "\b \b|"]
[93.088508, "o", "\b \b/"]
[93.368194, "o", "\b \b-"]
[93.493352, "o", "\b \b\\"]
[93.978199, "o", "\b \b|"]
[94.106697, "o", "\b \b/"]
[94.237118, "o", "\b \b-"]
[94.362285, "o", "\b \b\\"]
[94.487974, "o", "\b \b|"]
[94.613404, "o", "\b \b/"]
[94.738671, "o", "\b \b-"]
[94.863746, "o", "\b \b\\"]
[94.989119, "o", "\b \b|"]
[95.114122, "o", "\b \b/"]
[95.239719, "o", "\b \b-"]
[95.365314, "o", "\b \b\\"]
[95.491127, "o", "\b \b|"]
[95.61624, "o", "\b \b/"]
[95.74186, "o", "\b \b-"]
[95.867171, "o", "\b \b\\"]
[95.992565, "o", "\b \b|"]
[96.118154, "o", "\b \b/"]
[96.243511, "o", "\b \b-"]
[96.368628, "o", "\b \b\\"]
[96.49373, "o", "\b \b|"]
[96.628716, "o", "\b \b/"]
[96.748722, "o", "\b \b-"]
[96.873999, "o", "\b \b\\"]
[96.99958, "o", "\b \b|"]
[97.125198, "o", "\b \b/"]
[97.251586, "o", "\b \b-"]
[97.377111, "o", "\b \b\\"]
[97.503595, "o", "\b \b|"]
[97.628733, "o", "\b \b/"]
[97.754258, "o", "\b \b-"]
[97.879433, "o", "\b \b\\"]
[98.004677, "o", "\b \b|"]
[98.130675, "o", "\b \b/"]
[98.256284, "o", "\b \b-"]
[98.381385, "o", "\b \b\\"]
[98.507143, "o", "\b \b|"]
[98.632185, "o", "\b \b/"]
[98.757645, "o", "\b \b-"]
[98.885861, "o", "\b \b\\"]
[99.012659, "o", "\b \b|"]
[99.139332, "o", "\b \b/"]
[99.264828, "o", "\b \b-"]
[99.3953, "o", "\b \b\\"]
[99.521045, "o", "\b \b|"]
[99.646336, "o", "\b \b/"]
[99.773919, "o", "\b \b-"]
[99.927624, "o", "\b \b\\"]
[100.054201, "o", "\b \b|"]
[100.182638, "o", "\b \b/"]
[100.309432, "o", "\b \b-"]
[100.436156, "o", "\b \b\\"]
[100.564087, "o", "\b \b|"]
[100.6901, "o", "\b \b/"]
[100.815592, "o", "\b \b-"]
[100.943421, "o", "\b \b\\"]
[101.071311, "o", "\b \b|"]
[101.196686, "o", "\b \b/"]
[101.32323, "o", "\b \b-"]
[101.450255, "o", "\b \b\\"]
[101.576501, "o", "\b \b|"]
[101.702036, "o", "\b \b/"]
[101.82899, "o", "\b \b-"]
[101.954789, "o", "\b \b\\"]
[102.08012, "o", "\b \b|"]
[102.206101, "o", "\b \b/"]
[102.334467, "o", "\b \b-"]
[102.461092, "o", "\b \b\\"]
[102.588656, "o", "\b \b|"]
[102.715054, "o", "\b \b/"]
[102.840859, "o", "\b \b-"]
[102.966557, "o", "\b \b\\"]
[103.092337, "o", "\b \b|"]
[103.222418, "o", "\b \b/"]
[103.34938, "o", "\b \b-"]
[103.478959, "o", "\b \b\\"]
[103.606686, "o", "\b \b|"]
[103.73378, "o", "\b \b/"]
[103.861511, "o", "\b \b-"]
[103.991934, "o", "\b \b\\"]
[104.119487, "o", "\b \b|"]
[104.246447, "o", "\b \b/"]
[104.373914, "o", "\b \b-"]
[104.5071, "o", "\b \b\\"]
[104.632377, "o", "\b \b|"]
[104.845516, "o", "\b \b/"]
[104.975855, "o", "\b \b-"]
[105.110357, "o", "\b \b\\"]
[105.239167, "o", "\b \b|"]
[105.366729, "o", "\b \b/"]
[105.4927, "o", "\b \b-"]
[105.622896, "o", "\b \b\\"]
[105.748303, "o", "\b \b|"]
[105.874524, "o", "\b \b/"]
[106.001143, "o", "\b \b-"]
[106.129117, "o", "\b \b\\"]
[106.25615, "o", "\b \b|"]
[106.381576, "o", "\b \b/"]
[106.510342, "o", "\b \b-"]
[106.639085, "o", "\b \b\\"]
[106.767668, "o", "\b \b|"]
[106.893193, "o", "\b \b/"]
[107.018885, "o", "\b \b-"]
[107.145148, "o", "\b \b\\"]
[107.274396, "o", "\b \b|"]
[107.399848, "o", "\b \b/"]
[107.525094, "o", "\b \b-"]
[107.651572, "o", "\b \b\\"]
[107.777182, "o", "\b \b|"]
[107.90342, "o", "\b \b/"]
[108.028576, "o", "\b \b-"]
[108.154287, "o", "\b \b\\"]
[108.280726, "o", "\b \b|"]
[108.407125, "o", "\b \b/"]
[108.534508, "o", "\b \b-"]
[108.660676, "o", "\b \b\\"]
[108.789415, "o", "\b \b|"]
[108.920589, "o", "\b \b/"]
[109.049076, "o", "\b \b-"]
[109.174929, "o", "\b \b\\"]
[109.300945, "o", "\b \b|"]
[109.427197, "o", "\b \b/"]
[109.557632, "o", "\b \b-"]
[109.685062, "o", "\b \b\\"]
[109.810978, "o", "\b \b|"]
[109.937216, "o", "\b \b/"]
[110.063445, "o", "\b \b-"]
[110.189369, "o", "\b \b\\"]
[110.324915, "o", "\b \b|"]
[110.451126, "o", "\b \b/"]
[110.577566, "o", "\b \b-"]
[110.703802, "o", "\b \b\\"]
[110.828915, "o", "\b \b|"]
[110.955223, "o", "\b \b/"]
[111.080635, "o", "\b \b-"]
[111.206758, "o", "\b \b\\"]
[111.332578, "o", "\b \b|"]
[111.457714, "o", "\b \b/"]
[111.583484, "o", "\b \b-"]
[111.709722, "o", "\b \b\\"]
[111.83495, "o", "\b \b|"]
[111.961375, "o", "\b \b/"]
[112.086946, "o", "\b \b-"]
[112.214136, "o", "\b \b\\"]
[112.340503, "o", "\b \b|"]
[112.466567, "o", "\b \b/"]
[112.597753, "o", "\b \b-"]
[112.745456, "o", "\b \b\\"]
[114.363737, "o", "\b \b|"]
[114.410939, "o", "\b \bdone\r\n"]
[121.399073, "o", "\u001b[?25h  Running setup.py install for tabulate ... \u001b[?25l-"]
[121.521346, "o", "\b \bdone\r\n"]
[165.995758, "o", "\u001b[?25hSuccessfully installed Jinja2-2.11.1 MarkupSafe-1.1.1 PyJWT-1.7.1 PyNaCl-1.3.0 PyYAML-5.3 Pygments-2.5.2 adal-1.2.2 ansible-2.9.6 applicationinsights-0.11.9 argcomplete-1.11.1 azure-cli-core-2.0.35 azure-cli-nspkg-3.0.2 azure-common-1.1.11 azure-graphrbac-0.40.0 azure-keyvault-1.0.0a1 azure-mgmt-authorization-0.51.1 azure-mgmt-automation-0.1.1 azure-mgmt-batch-5.0.1 azure-mgmt-cdn-3.0.0 azure-mgmt-compute-4.4.0 azure-mgmt-containerinstance-1.4.0 azure-mgmt-containerregistry-2.0.0 azure-mgmt-containerservice-4.4.0 azure-mgmt-cosmosdb-0.5.2 azure-mgmt-devtestlabs-3.0.0 azure-mgmt-dns-2.1.0 azure-mgmt-hdinsight-0.1.0 azure-mgmt-iothub-0.7.0 azure-mgmt-keyvault-1.1.0 azure-mgmt-loganalytics-0.2.0 azure-mgmt-marketplaceordering-0.1.0 azure-mgmt-monitor-0.5.2 azure-mgmt-network-2.3.0 azure-mgmt-nspkg-2.0.0 azure-mgmt-rdbms-1.4.1 azure-mgmt-redis-5.0.0 azure-mgmt-resource-2.1.0 azure-mgmt-servicebus-0.5.3 azure-mgmt-sql-0.10.0 azure-mgmt-storage-3.1.0 azure-mgmt-trafficmanager-0.50.0 azure-mgmt-web-0.41.0 azur"]
[165.99593, "o", "e-nspkg-2.0.0 azure-storage-0.35.1 bcrypt-3.1.7 certifi-2019.11.28 cffi-1.14.0 chardet-3.0.4 colorama-0.4.3 configparser-4.0.2 cryptography-2.8 distro-1.4.0 humanfriendly-8.1 idna-2.9 importlib-metadata-1.5.0 isodate-0.6.0 jmespath-0.9.5 knack-0.3.3 msrest-0.6.1 msrestazure-0.5.0 oauthlib-3.1.0 packaging-20.3 paramiko-2.7.1 pyOpenSSL-19.1.0 pycparser-2.20 pyparsing-2.4.6 python-dateutil-2.8.1 requests-2.23.0 requests-oauthlib-1.3.0 selinux-0.2.1 six-1.14.0 tabulate-0.8.2 urllib3-1.25.8 wheel-0.30.0 xmltodict-0.12.0 zipp-3.1.0\r\n"]
[170.255137, "o", "\u001b[33mWARNING: You are using pip version 19.2.3, however version 20.0.2 is available.\r\nYou should consider upgrading via the 'pip install --upgrade pip' command.\u001b[0m\r\n"]
[170.328839, "o", "(k8s-ansible) bash-3.2$ "]
[193.748745, "o", "a"]
[193.883105, "o", "n"]
[193.951896, "o", "s"]
[194.191569, "o", "\u0007ible"]
[194.699486, "o", "-"]
[194.908798, "o", "p"]
[195.00444, "o", "l"]
[195.151122, "o", "aybook "]
[196.531783, "o", "-"]
[196.723318, "o", "i"]
[196.819503, "o", " "]
[197.080494, "o", "m"]
[197.562003, "o", "ultihosts "]
[198.028721, "o", "-"]
[198.146265, "o", "k"]
[198.337858, "o", " "]
[198.526515, "o", "-"]
[198.964618, "o", "K"]
[199.573377, "o", " "]
[200.016884, "o", "k"]
[200.18914, "o", "8s.yaml "]
[200.802703, "o", "\r\n"]
[201.925204, "o", "SSH password: "]
[207.469427, "o", "\r\n"]
[207.469672, "o", "BECOME password[defaults to SSH password]: "]
[208.749276, "o", "\r\n"]
[208.782317, "o", "\u001b[0;35m[DEPRECATION WARNING]: The TRANSFORM_INVALID_GROUP_CHARS settings is set to allow bad characters in group names by default, this will change, but still be\u001b[0m\r\n\u001b[0;35m user configurable on deprecation. This feature will be removed in version 2.10. Deprecation warnings can be disabled by setting \u001b[0m\r\n\u001b[0;35mdeprecation_warnings=False in ansible.cfg.\u001b[0m\r\n\u001b[0;35m\u001b[0m"]
[208.782543, "o", "\u001b[1;35m[WARNING]: Invalid characters were found in group names but not replaced, use -vvvv to see details\u001b[0m\r\n\u001b[1;35m\u001b[0m"]
[209.900171, "o", "\r\nPLAY [Provisioning k8s servers] ***************************************************************************************************************************\r\n"]
[209.953632, "o", "\r\nTASK [Gathering Facts] ************************************************************************************************************************************\r\n"]
[214.696045, "o", "\u001b[0;32mok: [k8s-node1]\u001b[0m\r\n\u001b[0;32m\u001b[0m"]
[214.824596, "o", "\u001b[0;32mok: [k8s-node2]\u001b[0m\r\n\u001b[0;32m\u001b[0m"]
[215.883077, "o", "\u001b[0;32mok: [k8s-master]\u001b[0m\r\n\u001b[0;32m\u001b[0m"]
[215.906511, "o", "\r\nTASK [01_orchestration : debug] ***************************************************************************************************************************\r\n"]
[215.982575, "o", "\u001b[0;32mok: [k8s-master] => {\u001b[0m\r\n\u001b[0;32m    \"msg\": \"Place holder for VM, Network, WAF orchestration\"\u001b[0m\r\n\u001b[0;32m}\u001b[0m\r\n\u001b[0;32m\u001b[0m"]
[215.983962, "o", "\u001b[0;32mok: [k8s-node1] => {\u001b[0m\r\n\u001b[0;32m    \"msg\": \"Place holder for VM, Network, WAF orchestration\"\u001b[0m\r\n\u001b[0;32m}\u001b[0m\r\n\u001b[0;32m\u001b[0m"]
[216.001749, "o", "\u001b[0;32mok: [k8s-node2] => {\u001b[0m\r\n\u001b[0;32m    \"msg\": \"Place holder for VM, Network, WAF orchestration\"\u001b[0m\r\n\u001b[0;32m}\u001b[0m\r\n\u001b[0;32m\u001b[0m"]
[216.025173, "o", "\r\nTASK [02_common : Setting hostname] ***********************************************************************************************************************\r\n"]
[219.171338, "o", "\u001b[0;33mchanged: [k8s-master]\u001b[0m\r\n\u001b[0;33m\u001b[0m"]
[219.236278, "o", "\u001b[0;33mchanged: [k8s-node1]\u001b[0m\r\n\u001b[0;33m\u001b[0m"]
[219.313519, "o", "\u001b[0;33mchanged: [k8s-node2]\u001b[0m\r\n\u001b[0;33m\u001b[0m"]
[219.335365, "o", "\r\nTASK [02_common : Adding hostname to /etc/hosts] **********************************************************************************************************\r\n"]
[221.714905, "o", "\u001b[0;33mchanged: [k8s-master]\u001b[0m\r\n\u001b[0;33m\u001b[0m"]
[221.791497, "o", "\u001b[0;33mchanged: [k8s-node1]\u001b[0m\r\n\u001b[0;33m\u001b[0m"]
[221.793884, "o", "\u001b[0;33mchanged: [k8s-node2]\u001b[0m\r\n\u001b[0;33m\u001b[0m"]
[221.808599, "o", "\r\nTASK [02_common : Updating /etc/hosts file] ***************************************************************************************************************\r\n"]
[223.924904, "o", "\u001b[0;33mchanged: [k8s-master]\u001b[0m\r\n\u001b[0;33m\u001b[0m"]
[223.964694, "o", "\u001b[0;33mchanged: [k8s-node1]\u001b[0m\r\n\u001b[0;33m\u001b[0m"]
[224.011792, "o", "\u001b[0;33mchanged: [k8s-node2]\u001b[0m\r\n\u001b[0;33m\u001b[0m"]
[224.03781, "o", "\r\nTASK [02_common : Reset machine id] ***********************************************************************************************************************\r\n"]
[226.018556, "o", "\u001b[0;32mok: [k8s-master]\u001b[0m\r\n\u001b[0;32m\u001b[0m"]
[226.074689, "o", "\u001b[0;32mok: [k8s-node1]\u001b[0m\r\n\u001b[0;32m\u001b[0m"]
[226.095507, "o", "\u001b[0;32mok: [k8s-node2]\u001b[0m\r\n\u001b[0;32m\u001b[0m"]
[226.120249, "o", "\r\nTASK [02_common : Enable EPEL-repo] ***********************************************************************************************************************\r\n"]
[237.168494, "o", "\u001b[0;33mchanged: [k8s-node1]\u001b[0m\r\n\u001b[0;33m\u001b[0m"]
[237.171908, "o", "\u001b[0;33mchanged: [k8s-master]\u001b[0m\r\n\u001b[0;33m\u001b[0m"]
[237.186395, "o", "\u001b[0;33mchanged: [k8s-node2]\u001b[0m\r\n\u001b[0;33m\u001b[0m"]
[237.207558, "o", "\r\nTASK [02_common : Update packages] ************************************************************************************************************************\r\n"]
[249.648232, "o", "\u001b[0;33mchanged: [k8s-node1]\u001b[0m\r\n\u001b[0;33m\u001b[0m"]
[252.487794, "o", "\u001b[0;33mchanged: [k8s-master]\u001b[0m\r\n\u001b[0;33m\u001b[0m"]
[253.00016, "o", "\u001b[0;33mchanged: [k8s-node2]\u001b[0m\r\n\u001b[0;33m\u001b[0m"]
[253.022796, "o", "\r\nTASK [02_common : Checking if new kernel was installed] ***************************************************************************************************\r\n"]
[254.589559, "o", "\u001b[0;32mok: [k8s-master]\u001b[0m\r\n\u001b[0;32m\u001b[0m"]
[254.619296, "o", "\u001b[0;32mok: [k8s-node2]\u001b[0m\r\n\u001b[0;32m\u001b[0m"]
[254.659927, "o", "\u001b[0;32mok: [k8s-node1]\u001b[0m\r\n\u001b[0;32m\u001b[0m"]
[254.676384, "o", "\r\nTASK [02_common : Rebooting server] ***********************************************************************************************************************\r\n"]
[254.734148, "o", "\u001b[0;36mskipping: [k8s-master]\u001b[0m\r\n\u001b[0;36m\u001b[0m"]
[254.752549, "o", "\u001b[0;36mskipping: [k8s-node1]\u001b[0m\r\n\u001b[0;36m\u001b[0m"]
[254.772419, "o", "\u001b[0;36mskipping: [k8s-node2]\u001b[0m\r\n\u001b[0;36m\u001b[0m"]
[254.788603, "o", "\r\nTASK [02_common : Install chrony] *************************************************************************************************************************\r\n"]
[260.699929, "o", "\u001b[0;32mok: [k8s-node1]\u001b[0m\r\n\u001b[0;32m\u001b[0m"]
[261.75217, "o", "\u001b[0;32mok: [k8s-master]\u001b[0m\r\n\u001b[0;32m\u001b[0m"]
[261.762262, "o", "\u001b[0;32mok: [k8s-node2]\u001b[0m\r\n\u001b[0;32m\u001b[0m"]
[261.77386, "o", "\r\nTASK [02_common : Starting up chronyd] ********************************************************************************************************************\r\n"]
[263.586946, "o", "\u001b[0;32mok: [k8s-master]\u001b[0m\r\n\u001b[0;32m\u001b[0m"]
[263.733304, "o", "\u001b[0;32mok: [k8s-node1]\u001b[0m\r\n\u001b[0;32m\u001b[0m"]
[263.734856, "o", "\u001b[0;32mok: [k8s-node2]\u001b[0m\r\n\u001b[0;32m\u001b[0m"]
[263.747225, "o", "\r\nTASK [02_common : Installing firewall and python firewall  module] ****************************************************************************************\r\n"]
[274.620129, "o", "\u001b[0;33mchanged: [k8s-master]\u001b[0m\r\n\u001b[0;33m\u001b[0m"]
[276.470899, "o", "\u001b[0;33mchanged: [k8s-node1]\u001b[0m\r\n\u001b[0;33m\u001b[0m"]
[276.901295, "o", "\u001b[0;33mchanged: [k8s-node2]\u001b[0m\r\n\u001b[0;33m\u001b[0m"]
[276.921632, "o", "\r\nTASK [02_common : Starting firewalld] *********************************************************************************************************************\r\n"]
[278.898924, "o", "\u001b[0;33mchanged: [k8s-master]\u001b[0m\r\n\u001b[0;33m\u001b[0m"]
[278.901767, "o", "\u001b[0;33mchanged: [k8s-node1]\u001b[0m\r\n\u001b[0;33m\u001b[0m"]
[278.947637, "o", "\u001b[0;33mchanged: [k8s-node2]\u001b[0m\r\n\u001b[0;33m\u001b[0m"]
[278.961858, "o", "\r\nTASK [03_docker : Install pre-req packages] ***************************************************************************************************************\r\n"]
[291.596881, "o", "\u001b[0;33mchanged: [k8s-master]\u001b[0m\r\n\u001b[0;33m\u001b[0m"]
[291.611288, "o", "\u001b[0;33mchanged: [k8s-node2]\u001b[0m\r\n\u001b[0;33m\u001b[0m"]
[292.200336, "o", "\u001b[0;33mchanged: [k8s-node1]\u001b[0m\r\n\u001b[0;33m\u001b[0m"]
[292.222622, "o", "\r\nTASK [03_docker : Transferring docker-ce.repo] ************************************************************************************************************\r\n"]
[294.897328, "o", "\u001b[0;33mchanged: [k8s-master]\u001b[0m\r\n\u001b[0;33m\u001b[0m"]
[294.941332, "o", "\u001b[0;33mchanged: [k8s-node2]\u001b[0m\r\n\u001b[0;33m\u001b[0m"]
[294.947603, "o", "\u001b[0;33mchanged: [k8s-node1]\u001b[0m\r\n\u001b[0;33m\u001b[0m"]
[294.958677, "o", "\r\nTASK [03_docker : Install Docker CE] **********************************************************************************************************************\r\n"]
[343.317816, "o", "\u001b[0;33mchanged: [k8s-node1]\u001b[0m\r\n\u001b[0;33m\u001b[0m"]
[346.970221, "o", "\u001b[0;33mchanged: [k8s-node2]\u001b[0m\r\n\u001b[0;33m\u001b[0m"]
[349.465077, "o", "\u001b[0;33mchanged: [k8s-master]\u001b[0m\r\n\u001b[0;33m\u001b[0m"]
[349.486145, "o", "\r\nTASK [03_docker : Create etc docker dir] ******************************************************************************************************************\r\n"]
[351.973916, "o", "\u001b[0;33mchanged: [k8s-master]\u001b[0m\r\n\u001b[0;33m\u001b[0m"]
[352.002002, "o", "\u001b[0;33mchanged: [k8s-node1]\u001b[0m\r\n\u001b[0;33m\u001b[0m"]
[352.013923, "o", "\u001b[0;33mchanged: [k8s-node2]\u001b[0m\r\n\u001b[0;33m\u001b[0m"]
[352.030574, "o", "\r\nTASK [03_docker : Copy docker config] *********************************************************************************************************************\r\n"]
[356.268866, "o", "\u001b[0;33mchanged: [k8s-master]\u001b[0m\r\n\u001b[0;33m\u001b[0m"]
[356.354226, "o", "\u001b[0;33mchanged: [k8s-node2]\u001b[0m\r\n\u001b[0;33m\u001b[0m"]
[356.399647, "o", "\u001b[0;33mchanged: [k8s-node1]\u001b[0m\r\n\u001b[0;33m\u001b[0m"]
[356.421569, "o", "\r\nTASK [03_docker : Create systemd dir] *********************************************************************************************************************\r\n"]
[358.677032, "o", "\u001b[0;33mchanged: [k8s-master]\u001b[0m\r\n\u001b[0;33m\u001b[0m"]
[358.856807, "o", "\u001b[0;33mchanged: [k8s-node1]\u001b[0m\r\n\u001b[0;33m\u001b[0m"]
[358.860155, "o", "\u001b[0;33mchanged: [k8s-node2]\u001b[0m\r\n\u001b[0;33m\u001b[0m"]
[358.872987, "o", "\r\nTASK [03_docker : Startup docker] *************************************************************************************************************************\r\n"]
[363.593328, "o", "\u001b[0;33mchanged: [k8s-node2]\u001b[0m\r\n\u001b[0;33m\u001b[0m"]
[363.603011, "o", "\u001b[0;33mchanged: [k8s-master]\u001b[0m\r\n\u001b[0;33m\u001b[0m"]
[363.705537, "o", "\u001b[0;33mchanged: [k8s-node1]\u001b[0m\r\n\u001b[0;33m\u001b[0m"]
[363.723388, "o", "\r\nTASK [05_k8s : Transferring k8s repo] *********************************************************************************************************************\r\n"]
[368.160529, "o", "\u001b[0;33mchanged: [k8s-master]\u001b[0m\r\n\u001b[0;33m\u001b[0m"]
[368.192602, "o", "\u001b[0;33mchanged: [k8s-node1]\u001b[0m\r\n\u001b[0;33m\u001b[0m"]
[368.205407, "o", "\u001b[0;33mchanged: [k8s-node2]\u001b[0m\r\n\u001b[0;33m\u001b[0m"]
[368.224241, "o", "\r\nTASK [05_k8s : Put SELinux in permissive mode, logging actions that would be blocked.] ********************************************************************\r\n"]
[370.979554, "o", "\u001b[0;33mchanged: [k8s-master]\u001b[0m\r\n\u001b[0;33m\u001b[0m"]
[371.116983, "o", "\u001b[0;33mchanged: [k8s-node2]\u001b[0m\r\n\u001b[0;33m\u001b[0m"]
[371.128641, "o", "\u001b[0;33mchanged: [k8s-node1]\u001b[0m\r\n\u001b[0;33m\u001b[0m"]
[371.148443, "o", "\r\nTASK [05_k8s : Install k8s packages] **********************************************************************************************************************\r\n"]
[402.806906, "o", "\u001b[0;33mchanged: [k8s-node1]\u001b[0m\r\n\u001b[0;33m\u001b[0m"]
[409.777759, "o", "\u001b[0;33mchanged: [k8s-node2]\u001b[0m\r\n\u001b[0;33m\u001b[0m"]
[415.379185, "o", "\u001b[0;33mchanged: [k8s-master]\u001b[0m\r\n\u001b[0;33m\u001b[0m"]
[415.391456, "o", "\r\nTASK [05_k8s : Add br_netfilter module] *******************************************************************************************************************\r\n"]
[417.043392, "o", "\u001b[0;32mok: [k8s-master]\u001b[0m\r\n\u001b[0;32m\u001b[0m"]
[417.100265, "o", "\u001b[0;32mok: [k8s-node1]\u001b[0m\r\n\u001b[0;32m\u001b[0m"]
[417.138266, "o", "\u001b[0;32mok: [k8s-node2]\u001b[0m\r\n\u001b[0;32m\u001b[0m"]
[417.151751, "o", "\r\nTASK [05_k8s : Enabling net.bridge.bridge-nf-call-ip6tables] **********************************************************************************************\r\n"]
[418.825707, "o", "\u001b[1;35m[WARNING]: The value 1 (type int) in a string field was converted to u'1' (type string). If this does not look like what you expect, quote the entire\u001b[0m\r\n\u001b[1;35mvalue to ensure it does not change.\u001b[0m\r\n\u001b[1;35m\u001b[0m"]
[418.826023, "o", "\u001b[0;33mchanged: [k8s-master]\u001b[0m\r\n\u001b[0;33m\u001b[0m"]
[418.906342, "o", "\u001b[0;33mchanged: [k8s-node2]\u001b[0m\r\n\u001b[0;33m\u001b[0m"]
[418.980287, "o", "\u001b[0;33mchanged: [k8s-node1]\u001b[0m\r\n\u001b[0;33m\u001b[0m"]
[418.996853, "o", "\r\nTASK [05_k8s : Enabling net.bridge.bridge-nf-call-iptables] ***********************************************************************************************\r\n"]
[420.558448, "o", "\u001b[0;33mchanged: [k8s-master]\u001b[0m\r\n\u001b[0;33m\u001b[0m"]
[420.588087, "o", "\u001b[0;33mchanged: [k8s-node2]\u001b[0m\r\n\u001b[0;33m\u001b[0m"]
[420.590439, "o", "\u001b[0;33mchanged: [k8s-node1]\u001b[0m\r\n\u001b[0;33m\u001b[0m"]
[420.604912, "o", "\r\nTASK [05_k8s : Enabling firewall ports] *******************************************************************************************************************\r\n"]
[422.884167, "o", "\u001b[0;33mchanged: [k8s-node2]\u001b[0m\r\n\u001b[0;33m\u001b[0m"]
[422.894575, "o", "\u001b[0;33mchanged: [k8s-master]\u001b[0m\r\n\u001b[0;33m\u001b[0m"]
[422.897261, "o", "\u001b[0;33mchanged: [k8s-node1]\u001b[0m\r\n\u001b[0;33m\u001b[0m"]
[422.910147, "o", "\r\nTASK [05_k8s : Enabling firewall ports] *******************************************************************************************************************\r\n"]
[424.885504, "o", "\u001b[0;33mchanged: [k8s-master]\u001b[0m\r\n\u001b[0;33m\u001b[0m"]
[424.886943, "o", "\u001b[0;33mchanged: [k8s-node1]\u001b[0m\r\n\u001b[0;33m\u001b[0m"]
[425.027649, "o", "\u001b[0;33mchanged: [k8s-node2]\u001b[0m\r\n\u001b[0;33m\u001b[0m"]
[425.046075, "o", "\r\nTASK [05_k8s : Disabling swap] ****************************************************************************************************************************\r\n"]
[426.576481, "o", "\u001b[0;33mchanged: [k8s-master]\u001b[0m\r\n\u001b[0;33m\u001b[0m"]
[426.58693, "o", "\u001b[0;33mchanged: [k8s-node2]\u001b[0m\r\n\u001b[0;33m\u001b[0m"]
[426.615676, "o", "\u001b[0;33mchanged: [k8s-node1]\u001b[0m\r\n\u001b[0;33m\u001b[0m"]
[426.631117, "o", "\r\nTASK [05_k8s : Removing swap from fstab] ******************************************************************************************************************\r\n"]
[428.054757, "o", "\u001b[0;32mok: [k8s-master]\u001b[0m\r\n\u001b[0;32m\u001b[0m"]
[428.204428, "o", "\u001b[0;32mok: [k8s-node1]\u001b[0m\r\n\u001b[0;32m\u001b[0m"]
[428.235478, "o", "\u001b[0;32mok: [k8s-node2]\u001b[0m\r\n\u001b[0;32m\u001b[0m"]
[428.250654, "o", "\r\nTASK [05_k8s : Starting k8s] ******************************************************************************************************************************\r\n"]
[430.055242, "o", "\u001b[0;33mchanged: [k8s-master]\u001b[0m\r\n\u001b[0;33m\u001b[0m"]
[430.14021, "o", "\u001b[0;33mchanged: [k8s-node1]\u001b[0m\r\n\u001b[0;33m\u001b[0m"]
[430.149977, "o", "\u001b[0;33mchanged: [k8s-node2]\u001b[0m\r\n\u001b[0;33m\u001b[0m"]
[430.157058, "o", "\r\nPLAY [Configuring k8s-master] *****************************************************************************************************************************\r\n"]
[430.171226, "o", "\r\nTASK [06_k8s-master : Configuring firewall [1/6]] *********************************************************************************************************\r\n"]
[432.053657, "o", "\u001b[0;32mok: [k8s-master]\u001b[0m\r\n\u001b[0;32m\u001b[0m"]
[432.067265, "o", "\r\nTASK [06_k8s-master : Configuring firewall [2/6]] *********************************************************************************************************\r\n"]
[434.170686, "o", "\u001b[0;33mchanged: [k8s-master]\u001b[0m\r\n\u001b[0;33m\u001b[0m"]
[434.182415, "o", "\r\nTASK [06_k8s-master : Configuring firewall [3/6]] *********************************************************************************************************\r\n"]
[436.167195, "o", "\u001b[0;32mok: [k8s-master]\u001b[0m\r\n\u001b[0;32m\u001b[0m"]
[436.19216, "o", "\r\nTASK [06_k8s-master : Configuring firewall [4/6]] *********************************************************************************************************\r\n"]
[438.22215, "o", "\u001b[0;33mchanged: [k8s-master]\u001b[0m\r\n\u001b[0;33m\u001b[0m"]
[438.233738, "o", "\r\nTASK [06_k8s-master : Configuring firewall [5/6]] *********************************************************************************************************\r\n"]
[440.338435, "o", "\u001b[0;33mchanged: [k8s-master]\u001b[0m\r\n\u001b[0;33m\u001b[0m"]
[440.351189, "o", "\r\nTASK [06_k8s-master : Configuring firewall [6/6]] *********************************************************************************************************\r\n"]
[442.543657, "o", "\u001b[0;33mchanged: [k8s-master]\u001b[0m\r\n\u001b[0;33m\u001b[0m"]
[442.55468, "o", "\r\nTASK [06_k8s-master : Restarting firewalld] ***************************************************************************************************************\r\n"]
[445.226594, "o", "\u001b[0;33mchanged: [k8s-master]\u001b[0m\r\n\u001b[0;33m\u001b[0m"]
[445.238661, "o", "\r\nTASK [06_k8s-master : Checking to see if k8s has been initialized] ****************************************************************************************\r\n"]
[446.317474, "o", "\u001b[0;32mok: [k8s-master]\u001b[0m\r\n\u001b[0;32m\u001b[0m"]
[446.330862, "o", "\r\nTASK [06_k8s-master : Initializing Kubernetes] ************************************************************************************************************\r\n"]
[560.796885, "o", "\u001b[0;33mchanged: [k8s-master]\u001b[0m\r\n\u001b[0;33m\u001b[0m"]
[560.809991, "o", "\r\nTASK [06_k8s-master : Creating k8s config env] ************************************************************************************************************\r\n"]
[563.479486, "o", "\u001b[1;35m[WARNING]: Consider using the file module with state=directory rather than running 'mkdir'.  If you need to use command because file is insufficient you\u001b[0m\r\n\u001b[1;35mcan add 'warn: false' to this command task or set 'command_warnings=False' in ansible.cfg to get rid of this message.\u001b[0m\r\n\u001b[1;35m\u001b[0m"]
[563.479865, "o", "\u001b[0;33mchanged: [k8s-master]\u001b[0m\r\n\u001b[0;33m\u001b[0m"]
[563.491503, "o", "\r\nTASK [06_k8s-master : Adding Weave Net pod network add-on] ************************************************************************************************\r\n"]
[567.106963, "o", "\u001b[0;33mchanged: [k8s-master]\u001b[0m\r\n\u001b[0;33m\u001b[0m"]
[567.118233, "o", "\r\nTASK [06_k8s-master : Getting last token] *****************************************************************************************************************\r\n"]
[568.898871, "o", "\u001b[0;33mchanged: [k8s-master]\u001b[0m\r\n\u001b[0;33m\u001b[0m"]
[568.915717, "o", "\r\nTASK [06_k8s-master : Registering token to facts] *********************************************************************************************************\r\n"]
[568.960578, "o", "\u001b[0;32mok: [k8s-master]\u001b[0m\r\n\u001b[0;32m\u001b[0m"]
[568.971277, "o", "\r\nTASK [06_k8s-master : debug] ******************************************************************************************************************************\r\n"]
[569.016826, "o", "\u001b[0;32mok: [k8s-master] => {\u001b[0m\r\n\u001b[0;32m    \"msg\": \"kubeadm join 192.168.50.107:6443 --token lunahs.ewof0tqms6a4jx2c     --discovery-token-ca-cert-hash sha256:ef2ce70f89b9add2ce66dec820973bf3dbaabbf411f466133335eb97e3d7e2c0 \"\u001b[0m\r\n\u001b[0;32m}\u001b[0m\r\n\u001b[0;32m\u001b[0m"]
[569.0214, "o", "\r\nPLAY [Configuring k8s-nodes] ******************************************************************************************************************************\r\n"]
[569.034139, "o", "\r\nTASK [07_k8s-nodes : Configuring firewall [1/4]] **********************************************************************************************************\r\n"]
[571.768027, "o", "\u001b[0;32mok: [k8s-node1]\u001b[0m\r\n\u001b[0;32m\u001b[0m"]
[571.803227, "o", "\u001b[0;32mok: [k8s-node2]\u001b[0m\r\n\u001b[0;32m\u001b[0m"]
[571.821765, "o", "\r\nTASK [07_k8s-nodes : Configuring firewall [2/4]] **********************************************************************************************************\r\n"]
[574.038844, "o", "\u001b[0;33mchanged: [k8s-node1]\u001b[0m\r\n\u001b[0;33m\u001b[0m"]
[574.04245, "o", "\u001b[0;33mchanged: [k8s-node2]\u001b[0m\r\n\u001b[0;33m\u001b[0m"]
[574.054386, "o", "\r\nTASK [07_k8s-nodes : Configuring firewall [3/4]] **********************************************************************************************************\r\n"]
[576.318304, "o", "\u001b[0;33mchanged: [k8s-node2]\u001b[0m\r\n\u001b[0;33m\u001b[0m"]
[576.344184, "o", "\u001b[0;33mchanged: [k8s-node1]\u001b[0m\r\n\u001b[0;33m\u001b[0m"]
[576.364004, "o", "\r\nTASK [07_k8s-nodes : Configuring firewall [4/4]] **********************************************************************************************************\r\n"]
[578.562773, "o", "\u001b[0;33mchanged: [k8s-node2]\u001b[0m\r\n\u001b[0;33m\u001b[0m"]
[578.564151, "o", "\u001b[0;33mchanged: [k8s-node1]\u001b[0m\r\n\u001b[0;33m\u001b[0m"]
[578.575271, "o", "\r\nTASK [07_k8s-nodes : Restarting firewalld] ****************************************************************************************************************\r\n"]
[581.84047, "o", "\u001b[0;33mchanged: [k8s-node1]\u001b[0m\r\n\u001b[0;33m\u001b[0m"]
[581.84786, "o", "\u001b[0;33mchanged: [k8s-node2]\u001b[0m\r\n\u001b[0;33m\u001b[0m"]
[581.860016, "o", "\r\nTASK [07_k8s-nodes : Checking if k8s is setup] ************************************************************************************************************\r\n"]
[583.290675, "o", "\u001b[0;32mok: [k8s-node2]\u001b[0m\r\n\u001b[0;32m\u001b[0m"]
[583.323407, "o", "\u001b[0;32mok: [k8s-node1]\u001b[0m\r\n\u001b[0;32m\u001b[0m"]
[583.336295, "o", "\r\nTASK [07_k8s-nodes : Joining k8s cluster] *****************************************************************************************************************\r\n"]
[608.231474, "o", "\u001b[0;33mchanged: [k8s-node2]\u001b[0m\r\n\u001b[0;33m\u001b[0m"]
[608.274108, "o", "\u001b[0;33mchanged: [k8s-node1]\u001b[0m\r\n\u001b[0;33m\u001b[0m"]
[608.279963, "o", "\r\nPLAY RECAP ************************************************************************************************************************************************\r\n"]
[608.280962, "o", "\u001b[0;33mk8s-master\u001b[0m                 : \u001b[0;32mok=45  \u001b[0m \u001b[0;33mchanged=32  \u001b[0m unreachable=0    failed=0    \u001b[0;36mskipped=1   \u001b[0m rescued=0    ignored=0   \r\n"]
[608.281651, "o", "\u001b[0;33mk8s-node1\u001b[0m                  : \u001b[0;32mok=38  \u001b[0m \u001b[0;33mchanged=28  \u001b[0m unreachable=0    failed=0    \u001b[0;36mskipped=1   \u001b[0m rescued=0    ignored=0   \r\n\u001b[0;33mk8s-node2\u001b[0m                  : \u001b[0;32mok=38  \u001b[0m \u001b[0;33mchanged=28  \u001b[0m unreachable=0    failed=0    \u001b[0;36mskipped=1   \u001b[0m rescued=0    ignored=0   \r\n"]
[608.282268, "o", "\r\n"]
[608.39538, "o", "(k8s-ansible) bash-3.2$ "]
[614.143717, "o", "e"]
[614.398687, "o", "x"]
[614.594553, "o", "i"]
[614.847692, "o", "t"]
[615.760747, "o", "\r\n"]
[615.761157, "o", "exit\r\n"]
